<?xml version="1.0" encoding="UTF-8"?>
<!-- Generated by org.testng.reporters.JUnitReportReporter -->
<testsuite hostname="DESKTOP-DV5LFHQ" failures="0" tests="1" name="sample.Demo" time="0.030" errors="0" timestamp="2023-04-12T11:34:08 IST" skipped="0">
  <testcase classname="sample.Demo" name="demTest" time="0.030"/>
  <system-out/>
</testsuite> <!-- sample.Demo -->
