<?xml version="1.0" encoding="UTF-8"?>
<!-- Generated by org.testng.reporters.JUnitReportReporter -->
<testsuite hostname="DESKTOP-DV5LFHQ" failures="0" tests="1" name="sample.Second" time="0.025" errors="0" timestamp="2023-04-12T11:26:40 IST" skipped="0">
  <testcase classname="sample.Second" name="secondTest" time="0.025"/>
  <system-out/>
</testsuite> <!-- sample.Second -->
